<?xml version="1.0" encoding="UTF-8"?>
<!-- Generated by org.testng.reporters.JUnitXMLReporter -->
<testsuite ignored="0" hostname="DESKTOP-RJ88POF" failures="0" tests="3" name="UploadTests" time="37.541" errors="0" timestamp="2020-12-08T00:59:22 IST">
  <testcase classname="com.webapp.uploadtests.UploadTests" name="fileUploadTest" time="7.33"/>
  <testcase classname="com.webapp.uploadtests.UploadTests" name="fileUploadTest" time="6.47"/>
  <testcase classname="com.webapp.uploadtests.UploadTests" name="fileUploadTest" time="5.746"/>
</testsuite> <!-- UploadTests -->
