<?xml version="1.0" encoding="UTF-8"?>
<testsuite xmlns:xsi="http://www.w3.org/2001/XMLSchema-instance" xsi:noNamespaceSchemaLocation="https://maven.apache.org/surefire/maven-surefire-plugin/xsd/surefire-test-report.xsd" name="TestSuite" time="35.171" tests="3" errors="0" skipped="0" failures="0">
  <properties>
[...]
</properties>
  <testcase name="selectingTwoCheckboxesTest" classname="com.webapp.checkboxespagetests.CheckboxesTests" time="17.365"/>
  <testcase name="defaultEditorValueTest" classname="com.webapp.editortests.EditorTests" time="17.71"/>
  <testcase name="sliderTest" classname="com.webapp.horizontalslidertests.HorizontalSliderTests" time="21.658"/>
</testsuite>