<?xml version="1.0" encoding="UTF-8"?>
<testng-results ignored="0" total="1" passed="1" failed="0" skipped="0">
  <reporter-output>
  </reporter-output>
  <suite started-at="2020-10-24T16:00:24 IST" name="EditorTestSuite" finished-at="2020-10-24T16:00:44 IST" duration-ms="20340">
    <groups>
    </groups>
    <test started-at="2020-10-24T16:00:24 IST" name="EditorTests" finished-at="2020-10-24T16:00:44 IST" duration-ms="20340">
      <class name="com.webapp.editortests.EditorTests">
        <test-method is-config="true" signature="setUp(java.lang.reflect.Method, java.lang.String, java.lang.String, java.lang.String, org.testng.ITestContext)[pri:0, instance:com.webapp.editortests.EditorTests@7e9131d5]" started-at="2020-10-24T16:00:24 IST" name="setUp" finished-at="2020-10-24T16:00:30 IST" duration-ms="5691" status="PASS">
          <params>
            <param index="0">
              <value>
                <![CDATA[public void com.webapp.editortests.EditorTests.defaultEditorValueTest()]]>
              </value>
            </param>
            <param index="1">
              <value>
                <![CDATA[chrome]]>
              </value>
            </param>
            <param index="2">
              <value is-null="true"/>
            </param>
            <param index="3">
              <value is-null="true"/>
            </param>
            <param index="4">
              <value>
                <![CDATA[org.testng.TestRunner@151ab2b9]]>
              </value>
            </param>
          </params>
          <reporter-output>
          </reporter-output>
        </test-method> <!-- setUp -->
        <test-method signature="defaultEditorValueTest()[pri:0, instance:com.webapp.editortests.EditorTests@7e9131d5]" started-at="2020-10-24T16:00:30 IST" name="defaultEditorValueTest" finished-at="2020-10-24T16:00:44 IST" duration-ms="13729" status="PASS">
          <reporter-output>
          </reporter-output>
        </test-method> <!-- defaultEditorValueTest -->
        <test-method is-config="true" signature="tearDown()[pri:0, instance:com.webapp.editortests.EditorTests@7e9131d5]" started-at="2020-10-24T16:00:44 IST" name="tearDown" finished-at="2020-10-24T16:00:44 IST" duration-ms="598" status="PASS">
          <reporter-output>
          </reporter-output>
        </test-method> <!-- tearDown -->
      </class> <!-- com.webapp.editortests.EditorTests -->
    </test> <!-- EditorTests -->
  </suite> <!-- EditorTestSuite -->
</testng-results>
